生成启动时间为 2015/1/7 13:20:27。
     1>项目“E:\CodeProject\NetManger\NetManger\NetManger.vcxproj”在节点 2 上(Build 个目标)。
     1>ClCompile:
         D:\Program Files (x86)\Microsoft Visual Studio 12.0\VC\bin\CL.exe /c /ZI /nologo /W3 /WX- /sdl /Od /Oy- /D WIN32 /D _WINDOWS /D _DEBUG /D _UNICODE /D UNICODE /Gm /EHsc /RTC1 /MTd /GS /fp:precise /Zc:wchar_t /Zc:forScope /Yu"stdafx.h" /Fp"Debug\NetManger.pch" /Fo"Debug\\" /Fd"Debug\vc120.pdb" /Gd /TP /analyze- /errorReport:prompt NetManger.cpp NetMangerDlg.cpp NetPerson.cpp
         NetManger.cpp
         正在生成代码...
         正在编译...
         NetPerson.cpp
         NetMangerDlg.cpp
         正在生成代码...
       Link:
         D:\Program Files (x86)\Microsoft Visual Studio 12.0\VC\bin\link.exe /ERRORREPORT:PROMPT /OUT:"E:\CodeProject\NetManger\Debug\NetManger.exe" /INCREMENTAL /NOLOGO /MANIFEST /MANIFESTUAC:"level='asInvoker' uiAccess='false'" /manifest:embed /manifestinput:"D:\Program Files (x86)\Microsoft Visual Studio 12.0\VC\Include\Manifest\dpiaware.manifest" /DEBUG /PDB:"E:\CodeProject\NetManger\Debug\NetManger.pdb" /SUBSYSTEM:WINDOWS /TLBID:1 /ENTRY:"wWinMainCRTStartup" /DYNAMICBASE /NXCOMPAT /IMPLIB:"E:\CodeProject\NetManger\Debug\NetManger.lib" /MACHINE:X86 Debug\NetManger.res
         Debug\NetManger.obj
         Debug\NetMangerDlg.obj
         Debug\NetPerson.obj
         Debug\stdafx.obj
         sqlite3.lib
         NetManger.vcxproj -> E:\CodeProject\NetManger\Debug\NetManger.exe
     1>已完成生成项目“E:\CodeProject\NetManger\NetManger\NetManger.vcxproj”(Build 个目标)的操作。

生成成功。

已用时间 00:00:01.50
